<?xml version='1.0'?>
<ns2:test-suite xmlns:ns2='urn:model.allure.qatools.yandex.ru' start='1664786193262' stop='1664786193265'>
    <name>Chai page: Test chai page</name>
    <title>Chai page: Test chai page</title>
    <test-cases>
        <test-case start='1664786193262' status='passed' stop='1664786193263'>
            <name></name>
            <title></title>
            <labels>
                <label name='language' value='javascript'/>
                <label name='framework' value='wdio'/>
                <label name='thread' value='0-2'/>
            </labels>
            <parameters>
                <parameter kind='argument' name='browser' value='chrome-106.0.5249.91'/>
            </parameters>
            <steps/>
            <attachments/>
        </test-case>
        <test-case start='1664786193263' status='broken' stop='1664786193263'>
            <name>Given tôi vào trang "http://www.practiceselenium.com/practise-form.html"</name>
            <title>Given tôi vào trang "http://www.practiceselenium.com/practise-form.html"</title>
            <labels>
                <label name='language' value='javascript'/>
                <label name='framework' value='wdio'/>
                <label name='thread' value='0-2'/>
            </labels>
            <parameters>
                <parameter kind='argument' name='browser' value='chrome-106.0.5249.91'/>
            </parameters>
            <steps/>
            <attachments/>
            <failure>
                <message>Step "tôi vào trang "http://www.practiceselenium.com/practise-form.html"" is not defined. You can ignore this error by setting cucumberOpts.ignoreUndefinedDefinitions as true.</message>
                <stack-trace>Step "tôi vào trang "http://www.practiceselenium.com/practise-form.html"" is not defined. You can ignore this error by setting cucumberOpts.ignoreUndefinedDefinitions as true.
                	at Feature(/Users/vinh/PlayWright/Playwright/features/register.feature):1:1
                	at Scenario(Test chai page):3:3
                	at Step(tôi vào trang "http://www.practiceselenium.com/practise-form.html"):4:5
                </stack-trace>
            </failure>
        </test-case>
        <test-case start='1664786193263' status='broken' stop='1664786193263'>
            <name>Then tôi xác nhận rằng page có title "Practice Form"</name>
            <title>Then tôi xác nhận rằng page có title "Practice Form"</title>
            <labels>
                <label name='language' value='javascript'/>
                <label name='framework' value='wdio'/>
                <label name='thread' value='0-2'/>
            </labels>
            <parameters>
                <parameter kind='argument' name='browser' value='chrome-106.0.5249.91'/>
            </parameters>
            <steps/>
            <attachments/>
            <failure>
                <message>Step "tôi xác nhận rằng page có title "Practice Form"" is not defined. You can ignore this error by setting cucumberOpts.ignoreUndefinedDefinitions as true.</message>
                <stack-trace>Step "tôi xác nhận rằng page có title "Practice Form"" is not defined. You can ignore this error by setting cucumberOpts.ignoreUndefinedDefinitions as true.
                	at Feature(/Users/vinh/PlayWright/Playwright/features/register.feature):1:1
                	at Scenario(Test chai page):3:3
                	at Step(tôi xác nhận rằng page có title "Practice Form"):5:5
                </stack-trace>
            </failure>
        </test-case>
        <test-case start='1664786193263' status='broken' stop='1664786193263'>
            <name>And tôi nhập vào ô firstname Emma và ô lastname watson</name>
            <title>And tôi nhập vào ô firstname Emma và ô lastname watson</title>
            <labels>
                <label name='language' value='javascript'/>
                <label name='framework' value='wdio'/>
                <label name='thread' value='0-2'/>
            </labels>
            <parameters>
                <parameter kind='argument' name='browser' value='chrome-106.0.5249.91'/>
            </parameters>
            <steps/>
            <attachments/>
            <failure>
                <message>Step "tôi nhập vào ô firstname Emma và ô lastname watson" is not defined. You can ignore this error by setting cucumberOpts.ignoreUndefinedDefinitions as true.</message>
                <stack-trace>Step "tôi nhập vào ô firstname Emma và ô lastname watson" is not defined. You can ignore this error by setting cucumberOpts.ignoreUndefinedDefinitions as true.
                	at Feature(/Users/vinh/PlayWright/Playwright/features/register.feature):1:1
                	at Scenario(Test chai page):3:3
                	at Step(tôi nhập vào ô firstname &lt;fname> và ô lastname &lt;lname>):6:5
                </stack-trace>
            </failure>
        </test-case>
        <test-case start='1664786193263' status='broken' stop='1664786193264'>
            <name>And tôi chọn giới tính là Female năm 6 món chai yêu thích Red Tea và lý do Harmless Addiction</name>
            <title>And tôi chọn giới tính là Female năm 6 món chai yêu thích Red Tea và lý do Harmless Addiction</title>
            <labels>
                <label name='language' value='javascript'/>
                <label name='framework' value='wdio'/>
                <label name='thread' value='0-2'/>
            </labels>
            <parameters>
                <parameter kind='argument' name='browser' value='chrome-106.0.5249.91'/>
            </parameters>
            <steps/>
            <attachments/>
            <failure>
                <message>Step "tôi chọn giới tính là Female năm 6 món chai yêu thích Red Tea và lý do Harmless Addiction" is not defined. You can ignore this error by setting cucumberOpts.ignoreUndefinedDefinitions as true.</message>
                <stack-trace>Step "tôi chọn giới tính là Female năm 6 món chai yêu thích Red Tea và lý do Harmless Addiction" is not defined. You can ignore this error by setting cucumberOpts.ignoreUndefinedDefinitions as true.
                	at Feature(/Users/vinh/PlayWright/Playwright/features/register.feature):1:1
                	at Scenario(Test chai page):3:3
                	at Step(tôi chọn giới tính là &lt;gender> năm &lt;yrs> món chai yêu thích &lt;favchai> và lý do &lt;reason>):7:5
                </stack-trace>
            </failure>
        </test-case>
        <test-case start='1664786193264' status='broken' stop='1664786193264'>
            <name>And tôi chọn quốc tịch Europe và commands Wait Commands</name>
            <title>And tôi chọn quốc tịch Europe và commands Wait Commands</title>
            <labels>
                <label name='language' value='javascript'/>
                <label name='framework' value='wdio'/>
                <label name='thread' value='0-2'/>
            </labels>
            <parameters>
                <parameter kind='argument' name='browser' value='chrome-106.0.5249.91'/>
            </parameters>
            <steps/>
            <attachments/>
            <failure>
                <message>Step "tôi chọn quốc tịch Europe và commands Wait Commands" is not defined. You can ignore this error by setting cucumberOpts.ignoreUndefinedDefinitions as true.</message>
                <stack-trace>Step "tôi chọn quốc tịch Europe và commands Wait Commands" is not defined. You can ignore this error by setting cucumberOpts.ignoreUndefinedDefinitions as true.
                	at Feature(/Users/vinh/PlayWright/Playwright/features/register.feature):1:1
                	at Scenario(Test chai page):3:3
                	at Step(tôi chọn quốc tịch &lt;continent> và commands &lt;command>):8:5
                </stack-trace>
            </failure>
        </test-case>
        <test-case start='1664786193264' status='broken' stop='1664786193264'>
            <name>And tôi click vào nut submit</name>
            <title>And tôi click vào nut submit</title>
            <labels>
                <label name='language' value='javascript'/>
                <label name='framework' value='wdio'/>
                <label name='thread' value='0-2'/>
            </labels>
            <parameters>
                <parameter kind='argument' name='browser' value='chrome-106.0.5249.91'/>
            </parameters>
            <steps/>
            <attachments/>
            <failure>
                <message>Step "tôi click vào nut submit" is not defined. You can ignore this error by setting cucumberOpts.ignoreUndefinedDefinitions as true.</message>
                <stack-trace>Step "tôi click vào nut submit" is not defined. You can ignore this error by setting cucumberOpts.ignoreUndefinedDefinitions as true.
                	at Feature(/Users/vinh/PlayWright/Playwright/features/register.feature):1:1
                	at Scenario(Test chai page):3:3
                	at Step(tôi click vào nut submit):9:5
                </stack-trace>
            </failure>
        </test-case>
        <test-case start='1664786193264' status='broken' stop='1664786193264'>
            <name>Then tôi xác nhận chữ trên page đã đổi thành "We're pasionate about tea."</name>
            <title>Then tôi xác nhận chữ trên page đã đổi thành "We're pasionate about tea."</title>
            <labels>
                <label name='language' value='javascript'/>
                <label name='framework' value='wdio'/>
                <label name='thread' value='0-2'/>
            </labels>
            <parameters>
                <parameter kind='argument' name='browser' value='chrome-106.0.5249.91'/>
            </parameters>
            <steps/>
            <attachments/>
            <failure>
                <message>Step "tôi xác nhận chữ trên page đã đổi thành "We're pasionate about tea."" is not defined. You can ignore this error by setting cucumberOpts.ignoreUndefinedDefinitions as true.</message>
                <stack-trace>Step "tôi xác nhận chữ trên page đã đổi thành "We're pasionate about tea."" is not defined. You can ignore this error by setting cucumberOpts.ignoreUndefinedDefinitions as true.
                	at Feature(/Users/vinh/PlayWright/Playwright/features/register.feature):1:1
                	at Scenario(Test chai page):3:3
                	at Step(tôi xác nhận chữ trên page đã đổi thành "We're pasionate about tea."):10:5
                </stack-trace>
            </failure>
        </test-case>
        <test-case start='1664786193264' status='passed' stop='1664786193264'>
            <name></name>
            <title></title>
            <labels>
                <label name='language' value='javascript'/>
                <label name='framework' value='wdio'/>
                <label name='thread' value='0-2'/>
            </labels>
            <parameters>
                <parameter kind='argument' name='browser' value='chrome-106.0.5249.91'/>
            </parameters>
            <steps/>
            <attachments/>
        </test-case>
    </test-cases>
</ns2:test-suite>