<?xml version='1.0'?>
<ns2:test-suite xmlns:ns2='urn:model.allure.qatools.yandex.ru' start='1664780556678' stop='1664780556680'>
    <name>The Internet Website Homepage: As HRM user, I can open the HRM Staging Website</name>
    <title>The Internet Website Homepage: As HRM user, I can open the HRM Staging Website</title>
    <test-cases>
        <test-case start='1664780556678' status='passed' stop='1664780556679'>
            <name></name>
            <title></title>
            <labels>
                <label name='language' value='javascript'/>
                <label name='framework' value='wdio'/>
                <label name='thread' value='0-0'/>
            </labels>
            <parameters>
                <parameter kind='argument' name='browser' value='chrome-106.0.5249.91'/>
            </parameters>
            <steps/>
            <attachments/>
        </test-case>
        <test-case start='1664780556679' status='broken' stop='1664780556679'>
            <name>Given I open the browser and load the url https://hrm-qa.kingwork.vn/login</name>
            <title>Given I open the browser and load the url https://hrm-qa.kingwork.vn/login</title>
            <labels>
                <label name='language' value='javascript'/>
                <label name='framework' value='wdio'/>
                <label name='thread' value='0-0'/>
            </labels>
            <parameters>
                <parameter kind='argument' name='browser' value='chrome-106.0.5249.91'/>
            </parameters>
            <steps/>
            <attachments/>
            <failure>
                <message>Step "I open the browser and load the url https://hrm-qa.kingwork.vn/login" is not defined. You can ignore this error by setting cucumberOpts.ignoreUndefinedDefinitions as true.</message>
                <stack-trace>Step "I open the browser and load the url https://hrm-qa.kingwork.vn/login" is not defined. You can ignore this error by setting cucumberOpts.ignoreUndefinedDefinitions as true.
                	at Feature(/Users/vinh/PlayWright/Playwright/features/home.feature):1:1
                	at Scenario(As HRM user, I can open the HRM Staging Website):3:3
                	at Step(I open the browser and load the url &lt;homepageurl>):4:5
                </stack-trace>
            </failure>
        </test-case>
        <test-case start='1664780556679' status='broken' stop='1664780556679'>
            <name>Then I should see a title HRM cloud</name>
            <title>Then I should see a title HRM cloud</title>
            <labels>
                <label name='language' value='javascript'/>
                <label name='framework' value='wdio'/>
                <label name='thread' value='0-0'/>
            </labels>
            <parameters>
                <parameter kind='argument' name='browser' value='chrome-106.0.5249.91'/>
            </parameters>
            <steps/>
            <attachments/>
            <failure>
                <message>Step "I should see a title HRM cloud" is not defined. You can ignore this error by setting cucumberOpts.ignoreUndefinedDefinitions as true.</message>
                <stack-trace>Step "I should see a title HRM cloud" is not defined. You can ignore this error by setting cucumberOpts.ignoreUndefinedDefinitions as true.
                	at Feature(/Users/vinh/PlayWright/Playwright/features/home.feature):1:1
                	at Scenario(As HRM user, I can open the HRM Staging Website):3:3
                	at Step(I should see a title &lt;homepagetitle>):5:5
                </stack-trace>
            </failure>
        </test-case>
        <test-case start='1664780556679' status='passed' stop='1664780556680'>
            <name></name>
            <title></title>
            <labels>
                <label name='language' value='javascript'/>
                <label name='framework' value='wdio'/>
                <label name='thread' value='0-0'/>
            </labels>
            <parameters>
                <parameter kind='argument' name='browser' value='chrome-106.0.5249.91'/>
            </parameters>
            <steps/>
            <attachments/>
        </test-case>
    </test-cases>
</ns2:test-suite>